2026/01/02 17:20:33 ⚠️  Failed to initialize database: failed to ping database: Binary was compiled with 'CGO_ENABLED=0', go-sqlite3 requires cgo to work. This is a stub, falling back to JSON snapshots
2026/01/02 17:20:33 ⚠️ Database not available, using JSON snapshot fallback
2026/01/02 17:20:33 ✅ Backup and recovery managers initialized
2026/01/02 17:20:33 Failed to load latest snapshot: state snapshot is corrupt or invalid
2026/01/02 17:20:33 ⚠️  Database migration failed: database not available
2026/01/02 17:20:33 [DEBUG] NewP2PNode called with listenPort=8000, keyPath=[nodekey.priv]
2026/01/02 17:20:33 [DEBUG] Using libp2p version: v0.42.0
2026/01/02 17:20:33 [DEBUG] Our Peer ID: 12D3KooWN7Hn17xojGqdrotz7EBixF5rdgqm9fg6oRcfuPqyW8J7
2026/01/02 17:20:33 [DEBUG] Listening on multiaddress: /ip4/127.0.0.1/tcp/8000
2026/01/02 17:20:33 [DEBUG] Listening on multiaddress: /ip4/192.168.0.114/tcp/8000
2026/01/02 17:20:33 [DEBUG] Peerstore peers at startup: 12D3KooWN7Hn17xojGqdrotz7EBixF5rdgqm9fg6oRcfuPqyW8J7
2026/01/02 17:20:33 ✅ Added validator 0x0d0e287ffc905e28742934db63458d80bf86e3af to shard 2
2026/01/02 17:20:33 ✅ Added validator 0x0d0e287ffc905e... to shard 2
2026/01/02 17:20:33 🔍 Starting real-time monitoring...
2026/01/02 17:20:33 🔄 Starting automated backup scheduler (24h intervals)
2026/01/02 17:20:33 🔄 Automated backup system started
2026/01/02 17:20:33 🚀 Starting block production loop with interval: 30s
2026/01/02 17:20:33 🔄 Starting chain synchronization...
2026/01/02 17:20:33 API server listening on :8080
2026/01/02 17:20:38 🔄 [SYNC] Starting chain synchronization...
2026/01/02 17:20:38 🔄 [SYNC] Chain synchronization started
2026/01/02 17:20:38 📦 Creating backup: backup_1767388838_31051d23a30cd8d5 (block height: 0)
2026/01/02 17:20:38 ⚠️ Database not available, creating JSON snapshot backup
2026/01/02 17:20:38 📊 [SYNC] Status changed to: failed
2026/01/02 17:20:38 ❌ [SYNC] Chain synchronization failed: sync failed
2026/01/02 17:20:38 ❌ Failed to start chain synchronization: no valid chain statuses received from peers
2026/01/02 17:20:38 💾 Backup metadata saved (67 backups)
2026/01/02 17:21:03 ⏰ Block production tick #1 - Current time: 17:21:03
2026/01/02 17:21:03 🔍 Attempting to choose validator...
2026/01/02 17:21:03 🔍 ChooseValidator: Checking available validators...
2026/01/02 17:21:03 📊 Total validators in pool: 1
2026/01/02 17:21:03 👤 Validator: 0x0d0e287ffc905e..., Stake: 200, Active: true, SlashCount: 0
2026/01/02 17:21:03 ✅ Single validator found: 0x0d0e287ffc905e...
2026/01/02 17:21:03 ✅ Chosen validator: 0x0d0e287ffc905e28742934db63458d80bf86e3af (Our address: 0x0d0e287ffc905e28742934db63458d80bf86e3af)
2026/01/02 17:21:03 🎯 We are the chosen validator! Attempting to forge block...
2026/01/02 17:21:03 📊 Current blockchain height: 0
2026/01/02 17:21:03 🔨 Starting block forging process...
2026/01/02 17:21:03 ✅ Block forged successfully: Index=1, Hash=07665fa8600ed9db...
2026/01/02 17:21:03 🔧 AddBlock: Starting to add block 1
2026/01/02 17:21:03 🔍 AddBlock: Validating block...
2026/01/02 17:21:03 ✅ AddBlock: Block validation passed
2026/01/02 17:21:03 📊 AddBlock: Updating state with 1 transactions...
2026/01/02 17:21:03 🔄 updateState: Starting state update for block 1 with 1 transactions
2026/01/02 17:21:03 💸 updateState: Processing transaction 1/1 - Sender: network, Recipient: 0x0d0e287ffc905e..., Amount: 10, Fee: 0
2026/01/02 17:21:03 🌐 updateState: Processing network reward transaction
2026/01/02 17:21:03 💰 updateState: About to update recipient account: 0x0d0e287ffc905e...
2026/01/02 17:21:03 🔍 getAccountUnlocked: Getting account for 0x0d0e287ffc905e...
2026/01/02 17:21:03 🆕 getAccountUnlocked: Creating new account for 0x0d0e287ffc905e...
2026/01/02 17:21:03 💾 setAccountUnlocked: Setting account for 0x0d0e287ffc905e... with balance 10
2026/01/02 17:21:03 ✅ updateState: Updated recipient account - New balance: 10
2026/01/02 17:21:03 📸 updateState: Checking if snapshot should be created...
2026/01/02 17:21:03 ⏰ updateState: No snapshot needed yet (last: 30.0609672s ago)
2026/01/02 17:21:03 ✅ updateState: State update completed successfully for block 1
2026/01/02 17:21:03 ✅ AddBlock: State update completed
2026/01/02 17:21:03 ⛓️ AddBlock: Adding block to chain...
2026/01/02 17:21:03 ✅ AddBlock: Block added to chain. Chain length: 2
2026/01/02 17:21:03 🔄 AddBlock: Calling onBlockAdded callback...
2026/01/02 17:21:03 ✅ AddBlock: onBlockAdded callback completed
2026/01/02 17:21:03 ✅ AddBlock: Successfully added block 1 to chain
2026/01/02 17:21:03 ✅ Successfully forged and broadcasted block!
2026/01/02 17:21:03 🔄 Block production tick #1 completed, waiting for next tick...
2026/01/02 17:21:33 Validator 0x0d0e287ffc905e28742934db63458d80bf86e3af: Stake=200, Active=true, SlashCount=0
2026/01/02 17:21:33 ⏰ Block production tick #2 - Current time: 17:21:33
2026/01/02 17:21:33 Transaction pool size: 0
2026/01/02 17:21:33 🔍 Attempting to choose validator...
2026/01/02 17:21:33 🔍 ChooseValidator: Checking available validators...
2026/01/02 17:21:33 📊 Total validators in pool: 1
2026/01/02 17:21:33 👤 Validator: 0x0d0e287ffc905e..., Stake: 200, Active: true, SlashCount: 0
2026/01/02 17:21:33 ✅ Single validator found: 0x0d0e287ffc905e...
2026/01/02 17:21:33 ✅ Chosen validator: 0x0d0e287ffc905e28742934db63458d80bf86e3af (Our address: 0x0d0e287ffc905e28742934db63458d80bf86e3af)
2026/01/02 17:21:33 🎯 We are the chosen validator! Attempting to forge block...
2026/01/02 17:21:33 📊 Current blockchain height: 1
2026/01/02 17:21:33 🔨 Starting block forging process...
2026/01/02 17:21:33 ✅ Block forged successfully: Index=2, Hash=4a90e20142a119ed...
2026/01/02 17:21:33 🔧 AddBlock: Starting to add block 2
2026/01/02 17:21:33 🔍 AddBlock: Validating block...
2026/01/02 17:21:33 ✅ AddBlock: Block validation passed
2026/01/02 17:21:33 📊 AddBlock: Updating state with 1 transactions...
2026/01/02 17:21:33 🔄 updateState: Starting state update for block 2 with 1 transactions
2026/01/02 17:21:33 💸 updateState: Processing transaction 1/1 - Sender: network, Recipient: 0x0d0e287ffc905e..., Amount: 10, Fee: 0
2026/01/02 17:21:33 🌐 updateState: Processing network reward transaction
2026/01/02 17:21:33 💰 updateState: About to update recipient account: 0x0d0e287ffc905e...
2026/01/02 17:21:33 🔍 getAccountUnlocked: Getting account for 0x0d0e287ffc905e...
2026/01/02 17:21:33 ✅ getAccountUnlocked: Found existing account for 0x0d0e287ffc905e... with balance 10
2026/01/02 17:21:33 💾 setAccountUnlocked: Setting account for 0x0d0e287ffc905e... with balance 20
2026/01/02 17:21:33 ✅ updateState: Updated recipient account - New balance: 20
2026/01/02 17:21:33 📸 updateState: Checking if snapshot should be created...
2026/01/02 17:21:33 ⏰ updateState: No snapshot needed yet (last: 1m0.0565496s ago)
2026/01/02 17:21:33 ✅ updateState: State update completed successfully for block 2
2026/01/02 17:21:33 ✅ AddBlock: State update completed
2026/01/02 17:21:33 ⛓️ AddBlock: Adding block to chain...
2026/01/02 17:21:33 ✅ AddBlock: Block added to chain. Chain length: 3
2026/01/02 17:21:33 🔄 AddBlock: Calling onBlockAdded callback...
2026/01/02 17:21:33 ✅ AddBlock: onBlockAdded callback completed
2026/01/02 17:21:33 ✅ AddBlock: Successfully added block 2 to chain
2026/01/02 17:21:33 ✅ Successfully forged and broadcasted block!
2026/01/02 17:21:33 🔄 Block production tick #2 completed, waiting for next tick...
2026/01/02 17:22:03 ⏰ Block production tick #3 - Current time: 17:22:03
2026/01/02 17:22:03 🔍 Attempting to choose validator...
2026/01/02 17:22:03 🔍 ChooseValidator: Checking available validators...
2026/01/02 17:22:03 📊 Total validators in pool: 1
2026/01/02 17:22:03 👤 Validator: 0x0d0e287ffc905e..., Stake: 200, Active: true, SlashCount: 0
2026/01/02 17:22:03 ✅ Single validator found: 0x0d0e287ffc905e...
2026/01/02 17:22:03 ✅ Chosen validator: 0x0d0e287ffc905e28742934db63458d80bf86e3af (Our address: 0x0d0e287ffc905e28742934db63458d80bf86e3af)
2026/01/02 17:22:03 🎯 We are the chosen validator! Attempting to forge block...
2026/01/02 17:22:03 📊 Current blockchain height: 2
2026/01/02 17:22:03 🔨 Starting block forging process...
2026/01/02 17:22:03 ✅ Block forged successfully: Index=3, Hash=2586e277469dc231...
2026/01/02 17:22:03 🔧 AddBlock: Starting to add block 3
2026/01/02 17:22:03 🔍 AddBlock: Validating block...
2026/01/02 17:22:03 ✅ AddBlock: Block validation passed
2026/01/02 17:22:03 📊 AddBlock: Updating state with 1 transactions...
2026/01/02 17:22:03 🔄 updateState: Starting state update for block 3 with 1 transactions
2026/01/02 17:22:03 💸 updateState: Processing transaction 1/1 - Sender: network, Recipient: 0x0d0e287ffc905e..., Amount: 10, Fee: 0
2026/01/02 17:22:03 🌐 updateState: Processing network reward transaction
2026/01/02 17:22:03 💰 updateState: About to update recipient account: 0x0d0e287ffc905e...
2026/01/02 17:22:03 🔍 getAccountUnlocked: Getting account for 0x0d0e287ffc905e...
2026/01/02 17:22:03 ✅ getAccountUnlocked: Found existing account for 0x0d0e287ffc905e... with balance 20
2026/01/02 17:22:03 💾 setAccountUnlocked: Setting account for 0x0d0e287ffc905e... with balance 30
2026/01/02 17:22:03 ✅ updateState: Updated recipient account - New balance: 30
2026/01/02 17:22:03 📸 updateState: Checking if snapshot should be created...
2026/01/02 17:22:03 ⏰ updateState: No snapshot needed yet (last: 1m30.0703071s ago)
2026/01/02 17:22:03 ✅ updateState: State update completed successfully for block 3
2026/01/02 17:22:03 ✅ AddBlock: State update completed
2026/01/02 17:22:03 ⛓️ AddBlock: Adding block to chain...
2026/01/02 17:22:03 ✅ AddBlock: Block added to chain. Chain length: 4
2026/01/02 17:22:03 🔄 AddBlock: Calling onBlockAdded callback...
2026/01/02 17:22:03 ✅ AddBlock: onBlockAdded callback completed
2026/01/02 17:22:03 ✅ AddBlock: Successfully added block 3 to chain
2026/01/02 17:22:03 ✅ Successfully forged and broadcasted block!
2026/01/02 17:22:03 🔄 Block production tick #3 completed, waiting for next tick...
2026/01/02 17:22:22 🔍 GetAccount: Getting account for 0x12345678901234...
2026/01/02 17:22:22 🆕 GetAccount: Creating new account for 0x12345678901234...
2026/01/02 17:22:33 Validator 0x0d0e287ffc905e28742934db63458d80bf86e3af: Stake=200, Active=true, SlashCount=0
2026/01/02 17:22:33 Transaction pool size: 0
2026/01/02 17:22:33 ⏰ Block production tick #4 - Current time: 17:22:33
2026/01/02 17:22:33 🔍 Attempting to choose validator...
2026/01/02 17:22:33 🔍 ChooseValidator: Checking available validators...
2026/01/02 17:22:33 📊 Total validators in pool: 1
2026/01/02 17:22:33 👤 Validator: 0x0d0e287ffc905e..., Stake: 200, Active: true, SlashCount: 0
2026/01/02 17:22:33 ✅ Single validator found: 0x0d0e287ffc905e...
2026/01/02 17:22:33 ✅ Chosen validator: 0x0d0e287ffc905e28742934db63458d80bf86e3af (Our address: 0x0d0e287ffc905e28742934db63458d80bf86e3af)
2026/01/02 17:22:33 🎯 We are the chosen validator! Attempting to forge block...
2026/01/02 17:22:33 📊 Current blockchain height: 3
2026/01/02 17:22:33 🔨 Starting block forging process...
2026/01/02 17:22:33 ✅ Block forged successfully: Index=4, Hash=2b70f674aec83e2b...
2026/01/02 17:22:33 🔧 AddBlock: Starting to add block 4
2026/01/02 17:22:33 🔍 AddBlock: Validating block...
2026/01/02 17:22:33 ✅ AddBlock: Block validation passed
2026/01/02 17:22:33 📊 AddBlock: Updating state with 1 transactions...
2026/01/02 17:22:33 🔄 updateState: Starting state update for block 4 with 1 transactions
2026/01/02 17:22:33 💸 updateState: Processing transaction 1/1 - Sender: network, Recipient: 0x0d0e287ffc905e..., Amount: 10, Fee: 0
2026/01/02 17:22:33 🌐 updateState: Processing network reward transaction
2026/01/02 17:22:33 💰 updateState: About to update recipient account: 0x0d0e287ffc905e...
2026/01/02 17:22:33 🔍 getAccountUnlocked: Getting account for 0x0d0e287ffc905e...
2026/01/02 17:22:33 ✅ getAccountUnlocked: Found existing account for 0x0d0e287ffc905e... with balance 30
2026/01/02 17:22:33 💾 setAccountUnlocked: Setting account for 0x0d0e287ffc905e... with balance 40
2026/01/02 17:22:33 ✅ updateState: Updated recipient account - New balance: 40
2026/01/02 17:22:33 📸 updateState: Checking if snapshot should be created...
2026/01/02 17:22:33 ⏰ updateState: No snapshot needed yet (last: 2m0.054984s ago)
2026/01/02 17:22:33 ✅ updateState: State update completed successfully for block 4
2026/01/02 17:22:33 ✅ AddBlock: State update completed
2026/01/02 17:22:33 ⛓️ AddBlock: Adding block to chain...
2026/01/02 17:22:33 ✅ AddBlock: Block added to chain. Chain length: 5
2026/01/02 17:22:33 🔄 AddBlock: Calling onBlockAdded callback...
2026/01/02 17:22:33 ✅ AddBlock: onBlockAdded callback completed
2026/01/02 17:22:33 ✅ AddBlock: Successfully added block 4 to chain
2026/01/02 17:22:33 ✅ Successfully forged and broadcasted block!
2026/01/02 17:22:33 🔄 Block production tick #4 completed, waiting for next tick...
2026/01/02 17:23:03 ⏰ Block production tick #5 - Current time: 17:23:03
2026/01/02 17:23:03 🔍 Attempting to choose validator...
2026/01/02 17:23:03 🔍 ChooseValidator: Checking available validators...
2026/01/02 17:23:03 📊 Total validators in pool: 1
2026/01/02 17:23:03 👤 Validator: 0x0d0e287ffc905e..., Stake: 200, Active: true, SlashCount: 0
2026/01/02 17:23:03 ✅ Single validator found: 0x0d0e287ffc905e...
2026/01/02 17:23:03 ✅ Chosen validator: 0x0d0e287ffc905e28742934db63458d80bf86e3af (Our address: 0x0d0e287ffc905e28742934db63458d80bf86e3af)
2026/01/02 17:23:03 🎯 We are the chosen validator! Attempting to forge block...
2026/01/02 17:23:03 📊 Current blockchain height: 4
2026/01/02 17:23:03 🔨 Starting block forging process...
2026/01/02 17:23:03 ✅ Block forged successfully: Index=5, Hash=651e516520298406...
2026/01/02 17:23:03 🔧 AddBlock: Starting to add block 5
2026/01/02 17:23:03 🔍 AddBlock: Validating block...
2026/01/02 17:23:03 ✅ AddBlock: Block validation passed
2026/01/02 17:23:03 📊 AddBlock: Updating state with 1 transactions...
2026/01/02 17:23:03 🔄 updateState: Starting state update for block 5 with 1 transactions
2026/01/02 17:23:03 💸 updateState: Processing transaction 1/1 - Sender: network, Recipient: 0x0d0e287ffc905e..., Amount: 10, Fee: 0
2026/01/02 17:23:03 🌐 updateState: Processing network reward transaction
2026/01/02 17:23:03 💰 updateState: About to update recipient account: 0x0d0e287ffc905e...
2026/01/02 17:23:03 🔍 getAccountUnlocked: Getting account for 0x0d0e287ffc905e...
2026/01/02 17:23:03 ✅ getAccountUnlocked: Found existing account for 0x0d0e287ffc905e... with balance 40
2026/01/02 17:23:03 💾 setAccountUnlocked: Setting account for 0x0d0e287ffc905e... with balance 50
2026/01/02 17:23:03 ✅ updateState: Updated recipient account - New balance: 50
2026/01/02 17:23:03 📸 updateState: Checking if snapshot should be created...
2026/01/02 17:23:03 ⏰ updateState: No snapshot needed yet (last: 2m30.0642737s ago)
2026/01/02 17:23:03 ✅ updateState: State update completed successfully for block 5
2026/01/02 17:23:03 ✅ AddBlock: State update completed
2026/01/02 17:23:03 ⛓️ AddBlock: Adding block to chain...
2026/01/02 17:23:03 ✅ AddBlock: Block added to chain. Chain length: 6
2026/01/02 17:23:03 🔄 AddBlock: Calling onBlockAdded callback...
2026/01/02 17:23:03 ✅ AddBlock: onBlockAdded callback completed
2026/01/02 17:23:03 ✅ AddBlock: Successfully added block 5 to chain
2026/01/02 17:23:03 ✅ Successfully forged and broadcasted block!
2026/01/02 17:23:03 🔄 Block production tick #5 completed, waiting for next tick...
2026/01/02 17:23:33 Validator 0x0d0e287ffc905e28742934db63458d80bf86e3af: Stake=200, Active=true, SlashCount=0
2026/01/02 17:23:33 ⏰ Block production tick #6 - Current time: 17:23:33
2026/01/02 17:23:33 🔍 Attempting to choose validator...
2026/01/02 17:23:33 🔍 ChooseValidator: Checking available validators...
2026/01/02 17:23:33 Transaction pool size: 0
2026/01/02 17:23:33 📊 Total validators in pool: 1
2026/01/02 17:23:33 👤 Validator: 0x0d0e287ffc905e..., Stake: 200, Active: true, SlashCount: 0
2026/01/02 17:23:33 ✅ Single validator found: 0x0d0e287ffc905e...
2026/01/02 17:23:33 ✅ Chosen validator: 0x0d0e287ffc905e28742934db63458d80bf86e3af (Our address: 0x0d0e287ffc905e28742934db63458d80bf86e3af)
2026/01/02 17:23:33 🎯 We are the chosen validator! Attempting to forge block...
2026/01/02 17:23:33 📊 Current blockchain height: 5
2026/01/02 17:23:33 🔨 Starting block forging process...
2026/01/02 17:23:33 ✅ Block forged successfully: Index=6, Hash=7f8031d245d29da8...
2026/01/02 17:23:33 🔧 AddBlock: Starting to add block 6
2026/01/02 17:23:33 🔍 AddBlock: Validating block...
2026/01/02 17:23:33 ✅ AddBlock: Block validation passed
2026/01/02 17:23:33 📊 AddBlock: Updating state with 1 transactions...
2026/01/02 17:23:33 🔄 updateState: Starting state update for block 6 with 1 transactions
2026/01/02 17:23:33 💸 updateState: Processing transaction 1/1 - Sender: network, Recipient: 0x0d0e287ffc905e..., Amount: 10, Fee: 0
2026/01/02 17:23:33 🌐 updateState: Processing network reward transaction
2026/01/02 17:23:33 💰 updateState: About to update recipient account: 0x0d0e287ffc905e...
2026/01/02 17:23:33 🔍 getAccountUnlocked: Getting account for 0x0d0e287ffc905e...
2026/01/02 17:23:33 ✅ getAccountUnlocked: Found existing account for 0x0d0e287ffc905e... with balance 50
2026/01/02 17:23:33 💾 setAccountUnlocked: Setting account for 0x0d0e287ffc905e... with balance 60
2026/01/02 17:23:33 ✅ updateState: Updated recipient account - New balance: 60
2026/01/02 17:23:33 📸 updateState: Checking if snapshot should be created...
2026/01/02 17:23:33 ⏰ updateState: No snapshot needed yet (last: 3m0.0645189s ago)
2026/01/02 17:23:33 ✅ updateState: State update completed successfully for block 6
2026/01/02 17:23:33 ✅ AddBlock: State update completed
2026/01/02 17:23:33 ⛓️ AddBlock: Adding block to chain...
2026/01/02 17:23:33 ✅ AddBlock: Block added to chain. Chain length: 7
2026/01/02 17:23:33 🔄 AddBlock: Calling onBlockAdded callback...
2026/01/02 17:23:33 ✅ AddBlock: onBlockAdded callback completed
2026/01/02 17:23:33 ✅ AddBlock: Successfully added block 6 to chain
2026/01/02 17:23:33 ✅ Successfully forged and broadcasted block!
2026/01/02 17:23:33 🔄 Block production tick #6 completed, waiting for next tick...
2026/01/02 17:24:03 ⏰ Block production tick #7 - Current time: 17:24:03
2026/01/02 17:24:03 🔍 Attempting to choose validator...
2026/01/02 17:24:03 🔍 ChooseValidator: Checking available validators...
2026/01/02 17:24:03 📊 Total validators in pool: 1
2026/01/02 17:24:03 👤 Validator: 0x0d0e287ffc905e..., Stake: 200, Active: true, SlashCount: 0
2026/01/02 17:24:03 ✅ Single validator found: 0x0d0e287ffc905e...
2026/01/02 17:24:03 ✅ Chosen validator: 0x0d0e287ffc905e28742934db63458d80bf86e3af (Our address: 0x0d0e287ffc905e28742934db63458d80bf86e3af)
2026/01/02 17:24:03 🎯 We are the chosen validator! Attempting to forge block...
2026/01/02 17:24:03 📊 Current blockchain height: 6
2026/01/02 17:24:03 🔨 Starting block forging process...
2026/01/02 17:24:03 ✅ Block forged successfully: Index=7, Hash=ecce6d2ef5fadeb6...
2026/01/02 17:24:03 🔧 AddBlock: Starting to add block 7
2026/01/02 17:24:03 🔍 AddBlock: Validating block...
2026/01/02 17:24:03 ✅ AddBlock: Block validation passed
2026/01/02 17:24:03 📊 AddBlock: Updating state with 1 transactions...
2026/01/02 17:24:03 🔄 updateState: Starting state update for block 7 with 1 transactions
2026/01/02 17:24:03 💸 updateState: Processing transaction 1/1 - Sender: network, Recipient: 0x0d0e287ffc905e..., Amount: 10, Fee: 0
2026/01/02 17:24:03 🌐 updateState: Processing network reward transaction
2026/01/02 17:24:03 💰 updateState: About to update recipient account: 0x0d0e287ffc905e...
2026/01/02 17:24:03 🔍 getAccountUnlocked: Getting account for 0x0d0e287ffc905e...
2026/01/02 17:24:03 ✅ getAccountUnlocked: Found existing account for 0x0d0e287ffc905e... with balance 60
2026/01/02 17:24:03 💾 setAccountUnlocked: Setting account for 0x0d0e287ffc905e... with balance 70
2026/01/02 17:24:03 ✅ updateState: Updated recipient account - New balance: 70
2026/01/02 17:24:03 📸 updateState: Checking if snapshot should be created...
2026/01/02 17:24:03 ⏰ updateState: No snapshot needed yet (last: 3m30.0586054s ago)
2026/01/02 17:24:03 ✅ updateState: State update completed successfully for block 7
2026/01/02 17:24:03 ✅ AddBlock: State update completed
2026/01/02 17:24:03 ⛓️ AddBlock: Adding block to chain...
2026/01/02 17:24:03 ✅ AddBlock: Block added to chain. Chain length: 8
2026/01/02 17:24:03 🔄 AddBlock: Calling onBlockAdded callback...
2026/01/02 17:24:03 ✅ AddBlock: onBlockAdded callback completed
2026/01/02 17:24:03 ✅ AddBlock: Successfully added block 7 to chain
2026/01/02 17:24:03 ✅ Successfully forged and broadcasted block!
2026/01/02 17:24:03 🔄 Block production tick #7 completed, waiting for next tick...
2026/01/02 17:24:33 Validator 0x0d0e287ffc905e28742934db63458d80bf86e3af: Stake=200, Active=true, SlashCount=0
2026/01/02 17:24:33 ⏰ Block production tick #8 - Current time: 17:24:33
2026/01/02 17:24:33 🔍 Attempting to choose validator...
2026/01/02 17:24:33 🔍 ChooseValidator: Checking available validators...
2026/01/02 17:24:33 📊 Total validators in pool: 1
2026/01/02 17:24:33 👤 Validator: 0x0d0e287ffc905e..., Stake: 200, Active: true, SlashCount: 0
2026/01/02 17:24:33 ✅ Single validator found: 0x0d0e287ffc905e...
2026/01/02 17:24:33 ✅ Chosen validator: 0x0d0e287ffc905e28742934db63458d80bf86e3af (Our address: 0x0d0e287ffc905e28742934db63458d80bf86e3af)
2026/01/02 17:24:33 🎯 We are the chosen validator! Attempting to forge block...
2026/01/02 17:24:33 📊 Current blockchain height: 7
2026/01/02 17:24:33 🔨 Starting block forging process...
2026/01/02 17:24:33 Transaction pool size: 0
2026/01/02 17:24:33 ✅ Block forged successfully: Index=8, Hash=cfba6b6add87191c...
2026/01/02 17:24:33 🔧 AddBlock: Starting to add block 8
2026/01/02 17:24:33 🔍 AddBlock: Validating block...
2026/01/02 17:24:33 ✅ AddBlock: Block validation passed
2026/01/02 17:24:33 📊 AddBlock: Updating state with 1 transactions...
2026/01/02 17:24:33 🔄 updateState: Starting state update for block 8 with 1 transactions
2026/01/02 17:24:33 💸 updateState: Processing transaction 1/1 - Sender: network, Recipient: 0x0d0e287ffc905e..., Amount: 10, Fee: 0
2026/01/02 17:24:33 🌐 updateState: Processing network reward transaction
2026/01/02 17:24:33 💰 updateState: About to update recipient account: 0x0d0e287ffc905e...
2026/01/02 17:24:33 🔍 getAccountUnlocked: Getting account for 0x0d0e287ffc905e...
2026/01/02 17:24:33 ✅ getAccountUnlocked: Found existing account for 0x0d0e287ffc905e... with balance 70
2026/01/02 17:24:33 💾 setAccountUnlocked: Setting account for 0x0d0e287ffc905e... with balance 80
2026/01/02 17:24:33 ✅ updateState: Updated recipient account - New balance: 80
2026/01/02 17:24:33 📸 updateState: Checking if snapshot should be created...
2026/01/02 17:24:33 ⏰ updateState: No snapshot needed yet (last: 4m0.0577005s ago)
2026/01/02 17:24:33 ✅ updateState: State update completed successfully for block 8
2026/01/02 17:24:33 ✅ AddBlock: State update completed
2026/01/02 17:24:33 ⛓️ AddBlock: Adding block to chain...
2026/01/02 17:24:33 ✅ AddBlock: Block added to chain. Chain length: 9
2026/01/02 17:24:33 🔄 AddBlock: Calling onBlockAdded callback...
2026/01/02 17:24:33 ✅ AddBlock: onBlockAdded callback completed
2026/01/02 17:24:33 ✅ AddBlock: Successfully added block 8 to chain
2026/01/02 17:24:33 ✅ Successfully forged and broadcasted block!
2026/01/02 17:24:33 🔄 Block production tick #8 completed, waiting for next tick...
